[Sun May 26 19:23:45 2024] install: amscls
[Sun May 26 19:23:47 2024] install: amsfonts
[Sun May 26 19:23:48 2024] install: amsmath
[Sun May 26 19:23:48 2024] install: atbegshi
[Sun May 26 19:23:48 2024] install: atveryend
[Sun May 26 19:23:49 2024] install: auxhook
[Sun May 26 19:23:50 2024] install: babel
[Sun May 26 19:23:50 2024] install: bibtex.aarch64-linux
[Sun May 26 19:23:51 2024] install: bibtex
[Sun May 26 19:23:51 2024] install: bigintcalc
[Sun May 26 19:23:51 2024] install: bitset
[Sun May 26 19:23:51 2024] install: bookmark
[Sun May 26 19:23:53 2024] install: booktabs
[Sun May 26 19:23:54 2024] install: cm
[Sun May 26 19:23:54 2024] install: ctablestack
[Sun May 26 19:23:54 2024] install: dehyph
[Sun May 26 19:23:55 2024] install: dvipdfmx.aarch64-linux
[Sun May 26 19:23:55 2024] install: dvipdfmx
[Sun May 26 19:23:56 2024] install: dvips.aarch64-linux
[Sun May 26 19:23:56 2024] install: dvips
[Sun May 26 19:23:58 2024] install: ec
[Sun May 26 19:23:58 2024] install: epstopdf.aarch64-linux
[Sun May 26 19:23:58 2024] install: epstopdf
[Sun May 26 19:23:59 2024] install: epstopdf-pkg
[Sun May 26 19:23:59 2024] install: etex
[Sun May 26 19:23:59 2024] install: etexcmds
[Sun May 26 19:23:59 2024] install: etoolbox
[Sun May 26 19:24:00 2024] install: euenc
[Sun May 26 19:24:00 2024] install: fancyvrb
[Sun May 26 19:24:00 2024] install: filehook
[Sun May 26 19:24:01 2024] install: firstaid
[Sun May 26 19:24:01 2024] install: float
[Sun May 26 19:24:01 2024] install: fontspec
[Sun May 26 19:24:02 2024] install: framed
[Sun May 26 19:24:02 2024] install: geometry
[Sun May 26 19:24:02 2024] install: gettitlestring
[Sun May 26 19:24:02 2024] install: glyphlist
[Sun May 26 19:24:03 2024] install: graphics
[Sun May 26 19:24:03 2024] install: graphics-cfg
[Sun May 26 19:24:03 2024] install: graphics-def
[Sun May 26 19:24:04 2024] install: helvetic
[Sun May 26 19:24:04 2024] install: hycolor
[Sun May 26 19:24:05 2024] install: hyperref
[Sun May 26 19:24:05 2024] install: hyph-utf8
[Sun May 26 19:24:05 2024] install: iftex
[Sun May 26 19:24:06 2024] install: inconsolata
[Sun May 26 19:24:06 2024] install: infwarerr
[Sun May 26 19:24:07 2024] install: intcalc
[Sun May 26 19:24:07 2024] install: knuth-lib
[Sun May 26 19:24:07 2024] install: kvdefinekeys
[Sun May 26 19:24:07 2024] install: kvoptions
[Sun May 26 19:24:08 2024] install: kvsetkeys
[Sun May 26 19:24:08 2024] install: l3backend
[Sun May 26 19:24:09 2024] install: l3kernel
[Sun May 26 19:24:09 2024] install: l3packages
[Sun May 26 19:24:10 2024] install: latex
[Sun May 26 19:24:10 2024] install: latex-amsmath-dev
[Sun May 26 19:24:10 2024] install: latex-bin.aarch64-linux
[Sun May 26 19:24:10 2024] install: latex-bin
[Sun May 26 19:24:11 2024] install: latex-fonts
[Sun May 26 19:24:11 2024] install: latex-tools-dev
[Sun May 26 19:24:12 2024] install: latexconfig
[Sun May 26 19:24:12 2024] install: latexmk.aarch64-linux
[Sun May 26 19:24:12 2024] install: latexmk
[Sun May 26 19:24:13 2024] install: letltxmacro
[Sun May 26 19:24:17 2024] install: lm
[Sun May 26 19:24:18 2024] install: lm-math
[Sun May 26 19:24:18 2024] install: ltxcmds
[Sun May 26 19:24:19 2024] install: lua-alt-getopt
[Sun May 26 19:24:19 2024] install: lua-uni-algos
[Sun May 26 19:24:20 2024] install: luahbtex.aarch64-linux
[Sun May 26 19:24:20 2024] install: luahbtex
[Sun May 26 19:24:21 2024] install: lualatex-math
[Sun May 26 19:24:21 2024] install: lualibs
[Sun May 26 19:24:22 2024] install: luaotfload.aarch64-linux
[Sun May 26 19:24:22 2024] install: luaotfload
[Sun May 26 19:24:24 2024] install: luatex.aarch64-linux
[Sun May 26 19:24:24 2024] install: luatex
[Sun May 26 19:24:24 2024] install: luatexbase
[Sun May 26 19:24:25 2024] install: mdwtools
[Sun May 26 19:24:25 2024] install: metafont.aarch64-linux
[Sun May 26 19:24:25 2024] install: metafont
[Sun May 26 19:24:26 2024] install: mfware.aarch64-linux
[Sun May 26 19:24:26 2024] install: mfware
[Sun May 26 19:24:26 2024] install: modes
[Sun May 26 19:24:27 2024] install: natbib
[Sun May 26 19:24:27 2024] install: pdfescape
[Sun May 26 19:24:28 2024] install: pdftex.aarch64-linux
[Sun May 26 19:24:28 2024] install: pdftex
[Sun May 26 19:24:29 2024] install: pdftexcmds
[Sun May 26 19:24:29 2024] install: plain
[Sun May 26 19:24:30 2024] install: psnfss
[Sun May 26 19:24:30 2024] install: refcount
[Sun May 26 19:24:30 2024] install: rerunfilecheck
[Sun May 26 19:24:30 2024] install: selnolig
[Sun May 26 19:24:31 2024] install: stringenc
[Sun May 26 19:24:31 2024] install: symbol
[Sun May 26 19:24:32 2024] install: tex.aarch64-linux
[Sun May 26 19:24:32 2024] install: tex
[Sun May 26 19:24:32 2024] install: tex-ini-files
[Sun May 26 19:24:33 2024] install: times
[Sun May 26 19:24:35 2024] install: tipa
[Sun May 26 19:24:35 2024] install: tools
[Sun May 26 19:24:36 2024] install: unicode-data
[Sun May 26 19:24:36 2024] install: unicode-math
[Sun May 26 19:24:36 2024] install: uniquecounter
[Sun May 26 19:24:37 2024] install: url
[Sun May 26 19:24:37 2024] install: xcolor
[Sun May 26 19:24:39 2024] install: xetex.aarch64-linux
[Sun May 26 19:24:40 2024] install: xetex
[Sun May 26 19:24:40 2024] install: xetexconfig
[Sun May 26 19:24:40 2024] install: xkeyval
[Sun May 26 19:24:41 2024] install: xunicode
[Sun May 26 19:24:41 2024] install: zapfding
[Sun May 26 19:24:41 2024] command: mktexlsr
[Sun May 26 19:24:42 2024] command: updmap-sys
[Sun May 26 19:24:42 2024] command: fmtutil-sys --byengine pdftex --no-error-if-no-format --no-error-if-no-engine=luametatex,luajithbtex,luajittex,mfluajit --status-file=/tmp/L6wCQ015Ny/8UtcOVS8Gv
[Sun May 26 19:24:52 2024]   OK: pdftex.fmt/pdftex pdflatex.fmt/pdftex latex.fmt/pdftex etex.fmt/pdftex pdfetex.fmt/pdftex
[Sun May 26 19:24:52 2024] command: fmtutil-sys --byengine luahbtex --no-error-if-no-format --no-error-if-no-engine=luametatex,luajithbtex,luajittex,mfluajit --status-file=/tmp/L6wCQ015Ny/8UtcOVS8Gv
[Sun May 26 19:25:00 2024]   OK: luahbtex.fmt/luahbtex lualatex.fmt/luahbtex
[Sun May 26 19:25:00 2024] command: fmtutil-sys --byengine xetex --no-error-if-no-format --no-error-if-no-engine=luametatex,luajithbtex,luajittex,mfluajit --status-file=/tmp/L6wCQ015Ny/8UtcOVS8Gv
[Sun May 26 19:25:06 2024]   OK: xetex.fmt/xetex xelatex.fmt/xetex
[Sun May 26 19:25:06 2024] command: fmtutil-sys --byengine luatex --no-error-if-no-format --no-error-if-no-engine=luametatex,luajithbtex,luajittex,mfluajit --status-file=/tmp/L6wCQ015Ny/8UtcOVS8Gv
[Sun May 26 19:25:14 2024]   OK: luatex.fmt/luatex dviluatex.fmt/luatex dvilualatex.fmt/luatex
[Sun May 26 19:25:14 2024] command: fmtutil-sys --byengine tex --no-error-if-no-format --no-error-if-no-engine=luametatex,luajithbtex,luajittex,mfluajit --status-file=/tmp/L6wCQ015Ny/8UtcOVS8Gv
[Sun May 26 19:25:14 2024]   OK: tex.fmt/tex
[Sun May 26 19:25:14 2024] command: fmtutil-sys --byfmt mf --no-error-if-no-engine=luametatex,luajithbtex,luajittex,mfluajit --status-file=/tmp/L6wCQ015Ny/8UtcOVS8Gv
[Sun May 26 19:25:15 2024]   OK: mf.fmt/mf-nowin
[Mon May 27 09:19:18 2024] update: texlive-scripts (71346 -> 71356)
[Mon May 27 09:19:18 2024] command: mktexlsr
[Mon May 27 09:19:19 2024] command: updmap-sys
